<?xml version="1.0" encoding="UTF-8"?>
<!-- Generated by org.testng.reporters.JUnitXMLReporter -->
<testsuite ignored="0" hostname="DESKTOP-AGDRQC9" failures="2" tests="3" name="screfix(failed)(failed)" time="104.717" errors="0" timestamp="2023-11-01T20:20:11 GMT">
  <testcase classname="testCases.TC_003_Login_DataDriven" name="test_TestDriven" time="26.004"/>
  <testcase classname="testCases.TC_003_Login_DataDriven" name="test_TestDriven" time="33.264">
    <failure type="java.lang.AssertionError" message="expected [true] but found [false]">
      <![CDATA[java.lang.AssertionError: expected [true] but found [false]
at testCases.TC_003_Login_DataDriven.test_TestDriven(TC_003_Login_DataDriven.java:59)
at java.base/java.util.ArrayList.forEach(ArrayList.java:1541)
... Removed 31 stack frames]]>
    </failure>
  </testcase> <!-- test_TestDriven -->
  <testcase classname="testCases.TC_003_Login_DataDriven" name="test_TestDriven" time="34.339">
    <failure type="java.lang.AssertionError" message="expected [true] but found [false]">
      <![CDATA[java.lang.AssertionError: expected [true] but found [false]
at testCases.TC_003_Login_DataDriven.test_TestDriven(TC_003_Login_DataDriven.java:59)
at java.base/java.util.ArrayList.forEach(ArrayList.java:1541)
... Removed 31 stack frames]]>
    </failure>
  </testcase> <!-- test_TestDriven -->
</testsuite> <!-- screfix(failed)(failed) -->
