<?xml version="1.0" encoding="UTF-8"?>
<!-- Generated by org.testng.reporters.JUnitXMLReporter -->
<testsuite ignored="0" hostname="DESKTOP-AGDRQC9" failures="1" tests="5" name="screfix" time="143.019" errors="0" timestamp="2023-11-30T21:12:02 GMT">
  <testcase classname="testCases.TC_003_Login_DataDriven" name="test_TestDriven" time="19.316"/>
  <testcase classname="testCases.TC_003_Login_DataDriven" name="test_TestDriven" time="34.33">
    <failure type="java.lang.AssertionError" message="expected [true] but found [false]">
      <![CDATA[java.lang.AssertionError: expected [true] but found [false]
at testCases.TC_003_Login_DataDriven.test_TestDriven(TC_003_Login_DataDriven.java:59)
at java.base/java.util.ArrayList.forEach(ArrayList.java:1511)
... Removed 31 stack frames]]>
    </failure>
  </testcase> <!-- test_TestDriven -->
  <testcase classname="testCases.TC_003_Login_DataDriven" name="test_TestDriven" time="26.215"/>
  <testcase classname="testCases.TC_003_Login_DataDriven" name="test_TestDriven" time="25.723"/>
  <testcase classname="testCases.TC_003_Login_DataDriven" name="test_TestDriven" time="17.78"/>
</testsuite> <!-- screfix -->
